platforms/android/build/outputs/logs/manifest-merger-nativescript-bluetooth-nativescript-geolocation-nativescript-vibrate-debug-report.txt
-- Merging decision tree log ---
manifest
ADDED from src\main\AndroidManifest.xml:2:1-41:12
	package
		ADDED from src\main\AndroidManifest.xml:3:2-45
	android:versionName
		ADDED from src\main\AndroidManifest.xml:5:2-27
		INJECTED from src\main\AndroidManifest.xml
		ADDED from src\main\AndroidManifest.xml:5:2-27
		INJECTED from src\nativescript-geolocation\AndroidManifest.xml
	android:versionCode
		ADDED from src\main\AndroidManifest.xml:4:2-25
		INJECTED from src\main\AndroidManifest.xml
		ADDED from src\main\AndroidManifest.xml:4:2-25
		INJECTED from src\nativescript-geolocation\AndroidManifest.xml
	xmlns:android
		ADDED from src\main\AndroidManifest.xml:2:11-69
supports-screens
ADDED from src\main\AndroidManifest.xml:7:2-11:33
	android:largeScreens
		ADDED from src\main\AndroidManifest.xml:10:3-30
	android:smallScreens
		ADDED from src\main\AndroidManifest.xml:8:3-30
	android:normalScreens
		ADDED from src\main\AndroidManifest.xml:9:3-31
	android:xlargeScreens
		ADDED from src\main\AndroidManifest.xml:11:3-31
uses-sdk
ADDED from src\main\AndroidManifest.xml:13:2-15:34
MERGED from [com.android.support:support-v4:23.1.1] AndroidManifest.xml:20:5-43
MERGED from [com.android.support:appcompat-v7:23.1.1] AndroidManifest.xml:20:5-43
MERGED from [com.android.support:support-v4:23.1.1] AndroidManifest.xml:20:5-43
MERGED from [:bluetoothpermissions-release:] AndroidManifest.xml:7:5-9:41
MERGED from [:widgets-release:] AndroidManifest.xml:7:5-9:41
	android:targetSdkVersion
		ADDED from src\main\AndroidManifest.xml:15:3-32
		INJECTED from src\main\AndroidManifest.xml
		INJECTED from src\nativescript-geolocation\AndroidManifest.xml
	android:minSdkVersion
		ADDED from src\main\AndroidManifest.xml:14:3-29
		INJECTED from src\main\AndroidManifest.xml
		INJECTED from src\nativescript-geolocation\AndroidManifest.xml
uses-permission#android.permission.ACCESS_NETWORK_STATE
ADDED from src\main\AndroidManifest.xml:17:2-75
	android:name
		ADDED from src\main\AndroidManifest.xml:17:19-73
uses-permission#android.permission.READ_EXTERNAL_STORAGE
ADDED from src\main\AndroidManifest.xml:18:2-76
	android:name
		ADDED from src\main\AndroidManifest.xml:18:19-74
uses-permission#android.permission.WRITE_EXTERNAL_STORAGE
ADDED from src\main\AndroidManifest.xml:19:2-77
	android:name
		ADDED from src\main\AndroidManifest.xml:19:19-75
uses-permission#android.permission.INTERNET
ADDED from src\main\AndroidManifest.xml:20:2-63
	android:name
		ADDED from src\main\AndroidManifest.xml:20:19-61
application
ADDED from src\main\AndroidManifest.xml:22:2-40:16
MERGED from [com.android.support:support-v4:23.1.1] AndroidManifest.xml:22:5-20
MERGED from [com.android.support:appcompat-v7:23.1.1] AndroidManifest.xml:22:5-20
MERGED from [com.android.support:support-v4:23.1.1] AndroidManifest.xml:22:5-20
MERGED from [:widgets-release:] AndroidManifest.xml:11:5-12:19
	android:label
		ADDED from src\main\AndroidManifest.xml:26:3-35
	android:allowBackup
		ADDED from src\main\AndroidManifest.xml:24:3-29
	android:icon
		ADDED from src\main\AndroidManifest.xml:25:3-32
	android:theme
		ADDED from src\main\AndroidManifest.xml:27:3-34
	android:name
		ADDED from src\main\AndroidManifest.xml:23:3-49
activity#com.tns.NativeScriptActivity
ADDED from src\main\AndroidManifest.xml:28:3-38:14
	android:label
		ADDED from src\main\AndroidManifest.xml:30:4-49
	android:configChanges
		ADDED from src\main\AndroidManifest.xml:31:4-65
	android:name
		ADDED from src\main\AndroidManifest.xml:29:4-47
intent-filter#android.intent.action.MAIN+android.intent.category.LAUNCHER
ADDED from src\main\AndroidManifest.xml:33:5-37:20
action#android.intent.action.MAIN
ADDED from src\main\AndroidManifest.xml:34:5-57
	android:name
		ADDED from src\main\AndroidManifest.xml:34:13-54
category#android.intent.category.LAUNCHER
ADDED from src\main\AndroidManifest.xml:36:5-65
	android:name
		ADDED from src\main\AndroidManifest.xml:36:15-62
activity#com.tns.ErrorReportActivity
ADDED from src\main\AndroidManifest.xml:39:3-57
	android:name
		ADDED from src\main\AndroidManifest.xml:39:13-55
uses-permission#android.permission.VIBRATE
ADDED from src\nativescript-vibrate\AndroidManifest.xml:3:5-66
	android:name
		ADDED from src\nativescript-vibrate\AndroidManifest.xml:3:22-63
uses-permission#android.permission.BLUETOOTH
ADDED from [:bluetoothpermissions-release:] AndroidManifest.xml:11:5-68
	android:name
		ADDED from [:bluetoothpermissions-release:] AndroidManifest.xml:11:22-65
uses-permission#android.permission.BLUETOOTH_ADMIN
ADDED from [:bluetoothpermissions-release:] AndroidManifest.xml:12:5-74
	android:name
		ADDED from [:bluetoothpermissions-release:] AndroidManifest.xml:12:22-71
uses-permission#android.permission.ACCESS_COARSE_LOCATION
ADDED from [:bluetoothpermissions-release:] AndroidManifest.xml:15:5-81
	android:name
		ADDED from [:bluetoothpermissions-release:] AndroidManifest.xml:15:22-78
uses-feature#android.hardware.bluetooth_le
ADDED from [:bluetoothpermissions-release:] AndroidManifest.xml:17:5-19:36
	android:required
		ADDED from [:bluetoothpermissions-release:] AndroidManifest.xml:19:9-33
	android:name
		ADDED from [:bluetoothpermissions-release:] AndroidManifest.xml:18:9-53